[ 2024-10-24 10:31:46,010 ] 10 src.logger.custom_logging - INFO - >>>>>> stage Data Ingestion stage started <<<<<<
[ 2024-10-24 10:31:46,013 ] 33 src.logger.custom_logging - INFO - Dir created artifacts
[ 2024-10-24 10:31:46,013 ] 33 src.logger.custom_logging - INFO - Dir created artifacts/data_ingestion
[ 2024-10-24 10:31:46,240 ] 29 src.logger.custom_logging - INFO - artifacts/data_ingestion/data.zip downloaded successfully!
[ 2024-10-24 10:31:46,241 ] 13 src.logger.custom_logging - INFO - >>>>>> stage Data Ingestion stage completed <<<<<<

x==========x
[ 2024-10-24 10:31:46,241 ] 21 src.logger.custom_logging - INFO - >>>>>> stage Data Validation stage started <<<<<<
[ 2024-10-24 10:31:46,245 ] 33 src.logger.custom_logging - INFO - Dir created artifacts
[ 2024-10-24 10:31:46,245 ] 33 src.logger.custom_logging - INFO - Dir created artifacts/data_validation
[ 2024-10-24 10:31:46,248 ] 24 src.logger.custom_logging - INFO - >>>>>> stage Data Validation stage completed <<<<<<

x==========x
[ 2024-10-24 10:31:46,248 ] 32 src.logger.custom_logging - INFO - >>>>>> stage Data Transformation stage started <<<<<<
[ 2024-10-24 10:31:46,251 ] 33 src.logger.custom_logging - INFO - Dir created artifacts
[ 2024-10-24 10:31:46,251 ] 33 src.logger.custom_logging - INFO - Dir created artifacts/data_transformation
[ 2024-10-24 10:31:46,275 ] 51 src.logger.custom_logging - INFO - Data split into training and test sets
[ 2024-10-24 10:31:46,275 ] 52 src.logger.custom_logging - INFO - Train shape: (1199, 12)
[ 2024-10-24 10:31:46,275 ] 53 src.logger.custom_logging - INFO - Test shape: (400, 12)
[ 2024-10-24 10:31:46,275 ] 35 src.logger.custom_logging - INFO - >>>>>> stage Data Transformation stage completed <<<<<<

x==========x
[ 2024-10-24 10:31:46,275 ] 44 src.logger.custom_logging - INFO - >>>>>> stage Model Trainer stage started <<<<<<
[ 2024-10-24 10:31:46,277 ] 33 src.logger.custom_logging - INFO - Dir created artifacts
[ 2024-10-24 10:31:46,278 ] 33 src.logger.custom_logging - INFO - Dir created artifacts/model_trainer
[ 2024-10-24 10:31:46,779 ] 47 src.logger.custom_logging - INFO - >>>>>> stage Model Trainer stage completed <<<<<<

x==========x
[ 2024-10-24 10:31:46,779 ] 55 src.logger.custom_logging - INFO - >>>>>> stage Model Evaluation stage started <<<<<<
[ 2024-10-24 10:31:46,781 ] 33 src.logger.custom_logging - INFO - Dir created artifacts
[ 2024-10-24 10:31:46,781 ] 33 src.logger.custom_logging - INFO - Dir created artifacts/model_evaluation
[ 2024-10-24 10:31:46,836 ] 47 src.logger.custom_logging - INFO - json file saved at: artifacts/model_evaluation/metrics.json
[ 2024-10-24 10:31:46,837 ] 58 src.logger.custom_logging - INFO - >>>>>> stage Model Evaluation stage completed <<<<<<

x==========x
